<?xml version="1.0" encoding="UTF-8"?>
<!-- Generated by org.testng.reporters.JUnitReportReporter -->
<testsuite hostname="Ameers-MBP" failures="0" tests="1" name="com.expedia.test_runner.Test_Runner" time="5.930" errors="0" timestamp="2021-12-14T09:37:37 EST" skipped="0">
  <testcase classname="com.expedia.test_runner.Test_Runner" name="runScenario" time="5.930"/>
  <system-out/>
</testsuite> <!-- com.expedia.test_runner.Test_Runner -->
